======================================================================
SASRec + ReaRec (ERL) Training
======================================================================
Preprocessed data already exists: data/ml-20m.txt

Config:
  data_path: data/ml-20m.txt
  dataset: ml-20m
  data_dir: data
  hidden_units: 256
  num_blocks: 2
  num_heads: 1
  dropout_rate: 0.1
  max_length: 200
  mode: erl
  reason_steps: 2
  reason_loss_weight: 0.1
  num_neg_reason: 256
  kl_weight: 0.05
  kl_temperature: 1.0
  temp_scale: 5.0
  pl_weight: 1.0
  num_negatives: 3000
  batch_size: 128
  lr: 0.001
  max_epochs: 100
  patience: 10
  val_size: 10000
  top_k: [10]
  device: cuda
  num_workers: 4
  seed: 42
  save_dir: checkpoints_reasoning

Using device: cuda
Loading data from data/ml-20m.txt...
  Users: 138,493
  Items: 26,744
  Interactions: 20,000,263
  Avg seq length: 144.4
  Train users: 138,493
  Val users:   138,493
  Test users:  138,493

Model parameters: 7,690,496 (reasoning RPE adds 512)

======================================================================
Starting ERL training with 2 reasoning steps...
======================================================================

  Evaluated 256/10000 users...
Epoch   1/100 | Loss: 4.3379 | Val HR@10: 0.2469 | Val NDCG@10: 0.1397 | Time: 26.3s * (saved)
  Evaluated 256/10000 users...
Epoch   2/100 | Loss: 3.5035 | Val HR@10: 0.2759 | Val NDCG@10: 0.1566 | Time: 27.6s * (saved)
  Evaluated 256/10000 users...
Epoch   3/100 | Loss: 3.2322 | Val HR@10: 0.2855 | Val NDCG@10: 0.1629 | Time: 27.7s * (saved)
  Evaluated 256/10000 users...
Epoch   4/100 | Loss: 3.1381 | Val HR@10: 0.2924 | Val NDCG@10: 0.1687 | Time: 27.9s * (saved)
  Evaluated 256/10000 users...
Epoch   5/100 | Loss: 3.0631 | Val HR@10: 0.3014 | Val NDCG@10: 0.1715 | Time: 27.9s * (saved)
  Evaluated 256/10000 users...
Epoch   6/100 | Loss: 2.9902 | Val HR@10: 0.3010 | Val NDCG@10: 0.1731 | Time: 28.0s * (saved)
  Evaluated 256/10000 users...
Epoch   7/100 | Loss: 2.9455 | Val HR@10: 0.2986 | Val NDCG@10: 0.1721 | Time: 28.0s
  Evaluated 256/10000 users...
Epoch   8/100 | Loss: 2.9138 | Val HR@10: 0.3109 | Val NDCG@10: 0.1766 | Time: 28.1s * (saved)
  Evaluated 256/10000 users...
Epoch   9/100 | Loss: 2.8883 | Val HR@10: 0.2983 | Val NDCG@10: 0.1740 | Time: 28.0s
  Evaluated 256/10000 users...
Epoch  10/100 | Loss: 2.8680 | Val HR@10: 0.3014 | Val NDCG@10: 0.1756 | Time: 28.0s
  Evaluated 256/10000 users...
Epoch  11/100 | Loss: 2.8477 | Val HR@10: 0.3048 | Val NDCG@10: 0.1760 | Time: 28.0s
  Evaluated 256/10000 users...
Epoch  12/100 | Loss: 2.8331 | Val HR@10: 0.2998 | Val NDCG@10: 0.1747 | Time: 28.1s
  Evaluated 256/10000 users...
Epoch  13/100 | Loss: 2.8190 | Val HR@10: 0.3036 | Val NDCG@10: 0.1763 | Time: 28.0s
  Evaluated 256/10000 users...
Epoch  14/100 | Loss: 2.8051 | Val HR@10: 0.3012 | Val NDCG@10: 0.1719 | Time: 28.1s
  Evaluated 256/10000 users...
Epoch  15/100 | Loss: 2.7926 | Val HR@10: 0.3059 | Val NDCG@10: 0.1754 | Time: 28.0s
  Evaluated 256/10000 users...
Epoch  16/100 | Loss: 2.7800 | Val HR@10: 0.3127 | Val NDCG@10: 0.1800 | Time: 28.0s * (saved)
  Evaluated 256/10000 users...
Epoch  17/100 | Loss: 2.7705 | Val HR@10: 0.3085 | Val NDCG@10: 0.1748 | Time: 28.0s
  Evaluated 256/10000 users...
Epoch  18/100 | Loss: 2.7598 | Val HR@10: 0.3060 | Val NDCG@10: 0.1788 | Time: 28.0s
  Evaluated 256/10000 users...
Epoch  19/100 | Loss: 2.7517 | Val HR@10: 0.3024 | Val NDCG@10: 0.1720 | Time: 28.1s
  Evaluated 256/10000 users...
Epoch  20/100 | Loss: 2.7409 | Val HR@10: 0.3041 | Val NDCG@10: 0.1764 | Time: 28.0s
  Evaluated 256/10000 users...
Epoch  21/100 | Loss: 2.7316 | Val HR@10: 0.3067 | Val NDCG@10: 0.1783 | Time: 28.0s
  Evaluated 256/10000 users...
Epoch  22/100 | Loss: 2.7227 | Val HR@10: 0.2965 | Val NDCG@10: 0.1718 | Time: 28.0s
  Evaluated 256/10000 users...
Epoch  23/100 | Loss: 2.7151 | Val HR@10: 0.2965 | Val NDCG@10: 0.1720 | Time: 28.1s
  Evaluated 256/10000 users...
Epoch  24/100 | Loss: 2.7062 | Val HR@10: 0.2920 | Val NDCG@10: 0.1654 | Time: 28.0s
  Evaluated 256/10000 users...
Epoch  25/100 | Loss: 2.6985 | Val HR@10: 0.2951 | Val NDCG@10: 0.1667 | Time: 28.0s
  Evaluated 256/10000 users...
Epoch  26/100 | Loss: 2.6887 | Val HR@10: 0.2824 | Val NDCG@10: 0.1603 | Time: 28.0s

Early stopping at epoch 26 (patience=10)

Total training time: 744.8s (12.4min)
Best validation NDCG@10: 0.1800

======================================================================
Final evaluation on test set (full-catalog ranking)...
======================================================================


--- Test metrics @10 (ERL) ---
  Evaluated 256/138493 users...
  Evaluated 13056/138493 users...
  Evaluated 25856/138493 users...
  Evaluated 38656/138493 users...
  Evaluated 51456/138493 users...
  Evaluated 64256/138493 users...
  Evaluated 77056/138493 users...
  Evaluated 89856/138493 users...
  Evaluated 102656/138493 users...
  Evaluated 115456/138493 users...
  Evaluated 128256/138493 users...
  HR@10: 0.2803
  NDCG@10: 0.1644
  MRR@10: 0.1289

======================================================================
Done!
======================================================================
