======================================================================
SASRec + ReaRec (PRL) Training
======================================================================
Preprocessed data already exists: data/ml-20m.txt

Config:
  data_path: data/ml-20m.txt
  dataset: ml-20m
  data_dir: data
  hidden_units: 256
  num_blocks: 2
  num_heads: 1
  dropout_rate: 0.1
  max_length: 200
  mode: prl
  reason_steps: 2
  reason_loss_weight: 0.1
  num_neg_reason: 256
  kl_weight: 0.05
  kl_temperature: 1.0
  temp_scale: 5.0
  pl_weight: 1.0
  num_negatives: 3000
  batch_size: 128
  lr: 0.001
  max_epochs: 100
  patience: 10
  val_size: 10000
  top_k: [10]
  device: cuda
  num_workers: 4
  seed: 42
  save_dir: checkpoints_reasoning

Using device: cuda
Loading data from data/ml-20m.txt...
  Users: 138,493
  Items: 26,744
  Interactions: 20,000,263
  Avg seq length: 144.4
  Train users: 138,493
  Val users:   138,493
  Test users:  138,493

Model parameters: 7,690,496 (reasoning RPE adds 512)

======================================================================
Starting PRL training with 2 reasoning steps...
======================================================================

  Evaluated 256/10000 users...
Epoch   1/100 | Loss: 4.8421 | Val HR@10: 0.2328 | Val NDCG@10: 0.1277 | Time: 26.8s * (saved)
  Evaluated 256/10000 users...
Epoch   2/100 | Loss: 3.9609 | Val HR@10: 0.2613 | Val NDCG@10: 0.1450 | Time: 27.3s * (saved)
  Evaluated 256/10000 users...
Epoch   3/100 | Loss: 3.8022 | Val HR@10: 0.2699 | Val NDCG@10: 0.1507 | Time: 27.4s * (saved)
  Evaluated 256/10000 users...
Epoch   4/100 | Loss: 3.7136 | Val HR@10: 0.2722 | Val NDCG@10: 0.1536 | Time: 27.5s * (saved)
  Evaluated 256/10000 users...
Epoch   5/100 | Loss: 3.6497 | Val HR@10: 0.2872 | Val NDCG@10: 0.1620 | Time: 27.6s * (saved)
  Evaluated 256/10000 users...
Epoch   6/100 | Loss: 3.5999 | Val HR@10: 0.2879 | Val NDCG@10: 0.1629 | Time: 27.6s * (saved)
  Evaluated 256/10000 users...
Epoch   7/100 | Loss: 3.5612 | Val HR@10: 0.2842 | Val NDCG@10: 0.1595 | Time: 27.7s
  Evaluated 256/10000 users...
Epoch   8/100 | Loss: 3.5278 | Val HR@10: 0.2911 | Val NDCG@10: 0.1629 | Time: 27.6s * (saved)
  Evaluated 256/10000 users...
Epoch   9/100 | Loss: 3.4989 | Val HR@10: 0.2763 | Val NDCG@10: 0.1594 | Time: 27.7s
  Evaluated 256/10000 users...
Epoch  10/100 | Loss: 3.4753 | Val HR@10: 0.2834 | Val NDCG@10: 0.1617 | Time: 27.6s
  Evaluated 256/10000 users...
Epoch  11/100 | Loss: 3.4501 | Val HR@10: 0.2829 | Val NDCG@10: 0.1600 | Time: 27.6s
  Evaluated 256/10000 users...
Epoch  12/100 | Loss: 3.4314 | Val HR@10: 0.2789 | Val NDCG@10: 0.1611 | Time: 27.6s
  Evaluated 256/10000 users...
Epoch  13/100 | Loss: 3.4134 | Val HR@10: 0.2840 | Val NDCG@10: 0.1608 | Time: 27.7s
  Evaluated 256/10000 users...
Epoch  14/100 | Loss: 3.3976 | Val HR@10: 0.2839 | Val NDCG@10: 0.1594 | Time: 27.6s
  Evaluated 256/10000 users...
Epoch  15/100 | Loss: 3.3840 | Val HR@10: 0.2773 | Val NDCG@10: 0.1560 | Time: 27.7s
  Evaluated 256/10000 users...
Epoch  16/100 | Loss: 3.3702 | Val HR@10: 0.2902 | Val NDCG@10: 0.1645 | Time: 27.6s * (saved)
  Evaluated 256/10000 users...
Epoch  17/100 | Loss: 3.3569 | Val HR@10: 0.2778 | Val NDCG@10: 0.1576 | Time: 27.6s
  Evaluated 256/10000 users...
Epoch  18/100 | Loss: 3.3466 | Val HR@10: 0.2760 | Val NDCG@10: 0.1557 | Time: 27.6s
  Evaluated 256/10000 users...
Epoch  19/100 | Loss: 3.3374 | Val HR@10: 0.2729 | Val NDCG@10: 0.1547 | Time: 27.6s
  Evaluated 256/10000 users...
Epoch  20/100 | Loss: 3.3263 | Val HR@10: 0.2739 | Val NDCG@10: 0.1547 | Time: 27.7s
  Evaluated 256/10000 users...
Epoch  21/100 | Loss: 3.3166 | Val HR@10: 0.2796 | Val NDCG@10: 0.1596 | Time: 27.7s
  Evaluated 256/10000 users...
Epoch  22/100 | Loss: 3.3086 | Val HR@10: 0.2653 | Val NDCG@10: 0.1514 | Time: 27.7s
  Evaluated 256/10000 users...
Epoch  23/100 | Loss: 3.3004 | Val HR@10: 0.2676 | Val NDCG@10: 0.1548 | Time: 27.6s
  Evaluated 256/10000 users...
Epoch  24/100 | Loss: 3.2948 | Val HR@10: 0.2619 | Val NDCG@10: 0.1523 | Time: 27.6s
  Evaluated 256/10000 users...
Epoch  25/100 | Loss: 3.2867 | Val HR@10: 0.2767 | Val NDCG@10: 0.1555 | Time: 27.7s
  Evaluated 256/10000 users...
Epoch  26/100 | Loss: 3.2802 | Val HR@10: 0.2558 | Val NDCG@10: 0.1441 | Time: 27.6s

Early stopping at epoch 26 (patience=10)

Total training time: 736.1s (12.3min)
Best validation NDCG@10: 0.1645

======================================================================
Final evaluation on test set (full-catalog ranking)...
======================================================================


--- Test metrics @10 (PRL) ---
  Evaluated 256/138493 users...
  Evaluated 13056/138493 users...
  Evaluated 25856/138493 users...
  Evaluated 38656/138493 users...
  Evaluated 51456/138493 users...
  Evaluated 64256/138493 users...
  Evaluated 77056/138493 users...
  Evaluated 89856/138493 users...
  Evaluated 102656/138493 users...
  Evaluated 115456/138493 users...
  Evaluated 128256/138493 users...
  HR@10: 0.2499
  NDCG@10: 0.1414
  MRR@10: 0.1084

======================================================================
Done!
======================================================================
